<?xml version="1.0" encoding="UTF-8"?>
<!-- Generated by org.testng.reporters.JUnitXMLReporter -->
<testsuite ignored="0" hostname="Saikrish-PC" failures="0" tests="3" name="Default test" time="48.445" errors="0" timestamp="2021-11-26T21:25:43 IST">
  <testcase classname="com.test.orange.TestOrangeDp" name="loginApp" time="24.538"/>
  <testcase classname="com.test.orange.TestOrangeDp" name="loginApp" time="12.873"/>
  <testcase classname="com.test.orange.TestOrangeDp" name="loginApp" time="10.938"/>
</testsuite> <!-- Default test -->
