<?xml version="1.0" encoding="UTF-8"?>
<testng-results ignored="0" total="3" passed="3" failed="0" skipped="0">
  <reporter-output>
  </reporter-output>
  <suite started-at="2021-11-26T21:24:54 IST" name="Default suite" finished-at="2021-11-26T21:25:43 IST" duration-ms="48445">
    <groups>
    </groups>
    <test started-at="2021-11-26T21:24:54 IST" name="Default test" finished-at="2021-11-26T21:25:43 IST" duration-ms="48445">
      <class name="com.test.orange.TestOrangeDp">
        <test-method signature="loginApp(java.lang.String,java.lang.String)[pri:0, instance:com.test.orange.TestOrangeDp@2b91004a]" started-at="2021-11-26T21:24:54 IST" name="loginApp" data-provider="CredData" finished-at="2021-11-26T21:25:19 IST" duration-ms="24538" status="PASS">
          <params>
            <param index="0">
              <value>
                <![CDATA[Admin]]>
              </value>
            </param>
            <param index="1">
              <value>
                <![CDATA[admin123]]>
              </value>
            </param>
          </params>
          <reporter-output>
          </reporter-output>
        </test-method> <!-- loginApp -->
        <test-method signature="loginApp(java.lang.String,java.lang.String)[pri:0, instance:com.test.orange.TestOrangeDp@2b91004a]" started-at="2021-11-26T21:25:19 IST" name="loginApp" data-provider="CredData" finished-at="2021-11-26T21:25:32 IST" duration-ms="12873" status="PASS">
          <params>
            <param index="0">
              <value>
                <![CDATA[Sai]]>
              </value>
            </param>
            <param index="1">
              <value>
                <![CDATA[sai123]]>
              </value>
            </param>
          </params>
          <reporter-output>
          </reporter-output>
        </test-method> <!-- loginApp -->
        <test-method signature="loginApp(java.lang.String,java.lang.String)[pri:0, instance:com.test.orange.TestOrangeDp@2b91004a]" started-at="2021-11-26T21:25:32 IST" name="loginApp" data-provider="CredData" finished-at="2021-11-26T21:25:43 IST" duration-ms="10938" status="PASS">
          <params>
            <param index="0">
              <value>
                <![CDATA[Krish]]>
              </value>
            </param>
            <param index="1">
              <value>
                <![CDATA[krish123]]>
              </value>
            </param>
          </params>
          <reporter-output>
          </reporter-output>
        </test-method> <!-- loginApp -->
      </class> <!-- com.test.orange.TestOrangeDp -->
    </test> <!-- Default test -->
  </suite> <!-- Default suite -->
</testng-results>
